[2026-07-02 14:19:12] ihatelovsomuch#0: sáng sủa
[2026-07-02 14:19:54] _rindou_#0: sủa bậy
[2026-07-02 14:20:42] GlitchBucket#9965: Server đã cán mốc streak nối **30** từ ✨🔥
[2026-07-02 14:21:39] liiinas._26513#0: Bạ bẫm
[2026-07-02 14:21:52] soka533#0: bẫm sinh
[2026-07-02 14:21:53] GlitchBucket#9965: Bạn đã sử dụng một từ **không có trong từ điển** (bẫm sinh). -# </wordconnect rule:1322768050533175339> để kiểm tra quy định nối từ `|` Từ cuối cùng: **bạ bẫm**
[2026-07-02 14:25:38] sonvippro#0: bẫm vua
[2026-07-02 14:25:40] REACTION: 3x 2️⃣ on sonvippro#0: bẫm vua
[2026-07-02 14:26:03] REACTION: 3x 🥉 on cobekchan#0: Vua chúa
[2026-07-02 14:26:25] belly_boi#0: Chúa tể
[2026-07-02 14:26:27] REACTION: 3x 4️⃣ on belly_boi#0: Chúa tể
[2026-07-02 14:26:38] minhkhoi8910#0: tể tướng
[2026-07-02 14:26:39] ✅ VALIDATED (3 reactions): minhkhoi8910#0: tể tướng
[2026-07-02 14:27:18] liiinas._26513#0: Tướng lĩnh
[2026-07-02 14:27:19] ✅ VALIDATED (3 reactions): liiinas._26513#0: Tướng lĩnh
[2026-07-02 14:27:28] haiminh1108#0: lĩnh hội
[2026-07-02 14:27:30] ✅ VALIDATED (3 reactions): haiminh1108#0: lĩnh hội
[2026-07-02 14:28:06] mayberandomguy#0: hội chợ
[2026-07-02 14:28:08] ✅ VALIDATED (3 reactions): mayberandomguy#0: hội chợ
[2026-07-02 14:28:39] GlitchBucket#9965: Bạn đã sử dụng một từ không khớp với từ trước đó. Bạn cần bắt đầu một từ với `chợ`. -# </wordconnect rule:1322768050533175339> để kiểm tra quy định nối từ
[2026-07-02 14:28:42] minhkhoi8910#0: chợ đêm
[2026-07-02 14:28:44] ✅ VALIDATED (3 reactions): minhkhoi8910#0: chợ đêm
[2026-07-02 14:52:26] GlitchBucket#9965: Bạn đã sử dụng một từ không khớp với từ trước đó. Bạn cần bắt đầu một từ với `bằng`. -# </wordconnect rule:1322768050533175339> để kiểm tra quy định nối từ
[2026-07-02 14:52:46] haiminh1108: bằng nhau
[2026-07-02 14:52:58] ark_slayer.: Nhau nháu
[2026-07-02 14:52:58] GlitchBucket#9965: Bạn đã sử dụng một từ **không có trong từ điển** (Nhau nháu). -# </wordconnect rule:1322768050533175339> để kiểm tra quy định nối từ `|` Từ cuối cùng: **bằng nhau**
[2026-07-02 14:53:04] mayberandomguy: nhau nhảu
[2026-07-02 14:53:05] GlitchBucket#9965: Nối từ đã kết thúc sau 6 lượt nối với **nhau nhảu** là từ cuối cùng.
[2026-07-02 14:53:05] GlitchBucket#9965: Lượt nối từ mới đã bắt đầu với từ **mắc áo**!
[2026-07-02 14:53:41] ✅ VALIDATED (3 reactions): haiminh1108: bằng nhau (bro quên vuốt xuống đúng ko ?)
[2026-07-02 14:53:42] tuanhungngao1: Áo khoác
[2026-07-02 14:58:29] ✅ VALIDATED (2 reactions): minhkhoi8910: phiền hà<:A_Troll:931212635351973898>x3
[2026-07-02 14:58:29] ✅ VALIDATED (2 reactions): ark_slayer.: Than phiền<:A_Troll:931212635351973898>
[2026-07-02 14:58:30] ✅ VALIDATED (2 reactions): liiinas._26513: Lục lọi
[2026-07-02 14:58:30] ✅ VALIDATED (2 reactions): minhkhoi8910: phụ lục
[2026-07-02 14:58:30] ✅ VALIDATED (2 reactions): 8iv4.blnn0: lác đác
[2026-07-02 14:58:30] ✅ VALIDATED (2 reactions): ming_but_rllybad: Khoác lác
[2026-07-02 14:58:30] ✅ VALIDATED (2 reactions): tuanhungngao1: Áo khoác
[2026-07-02 14:58:30] ✅ VALIDATED (2 reactions): mayberandomguy: nhau nhảu <:a_nekoDumb:1348346536538538055>
[2026-07-02 14:58:30] ✅ VALIDATED (3 reactions): haiminh1108: bằng nhau (bro quên vuốt xuống đúng ko ?) (well vẫn chết)
[2026-07-02 14:58:30] ✅ VALIDATED (2 reactions): liiinas._26513: Cân bằng
[2026-07-02 14:58:30] ✅ VALIDATED (2 reactions): haiminh1108: cán cân (tôi chỉ biết dép tông :/) (vai cut)
[2026-07-02 14:58:30] ✅ VALIDATED (2 reactions): lee_kieen: cốt cán
[2026-07-02 14:58:30] ✅ VALIDATED (2 reactions): mayberandomguy: bà cốt
[2026-07-02 14:58:30] ✅ VALIDATED (2 reactions): liiinas._26513: Hòe hoẹt
[2026-07-02 14:58:30] ✅ VALIDATED (2 reactions): mayberandomguy: quế hòe thôi kệ đi đừng cãi nhau sự lỡ rồi <:a_nekoDumb:1348346536538538055>
[2026-07-02 14:58:30] ✅ VALIDATED (2 reactions): sonvippro: chung chạ
[2026-07-02 14:58:30] ✅ VALIDATED (2 reactions): liiinas._26513: Dùng chung
[2026-07-02 14:58:30] ✅ VALIDATED (2 reactions): minhkhoi8910: đồ dùng
[2026-07-02 14:58:30] ✅ VALIDATED (2 reactions): haiminh1108: cầm đồ (đm ăn cứt rrrrrrrrrr) (chúng ta tưởng sẽ thắng nhưng đéo)
[2026-07-02 14:58:30] ✅ VALIDATED (2 reactions): liiinas._26513: Tác hại
[2026-07-02 14:58:30] ✅ VALIDATED (4 reactions): sonvippro: tan tác
[2026-07-02 14:58:30] ✅ VALIDATED (3 reactions): ming_but_rllybad: Giòn tan
[2026-07-02 14:58:30] ✅ VALIDATED (3 reactions): tuanhungngao1: Chiên giòn
[2026-07-02 14:58:30] ✅ VALIDATED (3 reactions): morgana8386: cơm chiên
[2026-07-02 14:58:30] ✅ VALIDATED (3 reactions): mayberandomguy: thố cơm
[2026-07-02 14:58:30] ✅ VALIDATED (4 reactions): sonvippro: thi thố
[2026-07-02 14:58:30] ✅ VALIDATED (3 reactions): rainydaythe6th: điểm thi
[2026-07-02 14:58:30] ✅ VALIDATED (3 reactions): jalberas420: Quan điểm
[2026-07-02 14:58:30] ✅ VALIDATED (3 reactions): ming_but_rllybad: Giác quan
[2026-07-02 14:58:30] ✅ VALIDATED (3 reactions): tuanhungngao1: Tứ giác
[2026-07-02 14:58:30] ✅ VALIDATED (3 reactions): .nhackar_: Tình tứ
[2026-07-02 14:58:30] ✅ VALIDATED (3 reactions): mayberandomguy: sự tình
[2026-07-02 14:58:30] ✅ VALIDATED (3 reactions): haiminh1108: thật sự (việc)
[2026-07-02 14:58:30] ✅ VALIDATED (3 reactions): minhkhoi8910: sự thật
[2026-07-02 14:58:30] ✅ VALIDATED (3 reactions): ming_but_rllybad: Phận sự Pls 50
[2026-07-02 14:58:30] ✅ VALIDATED (3 reactions): mayberandomguy: số phận
[2026-07-02 14:58:30] ✅ VALIDATED (3 reactions): haiminh1108: một số (đây là giai đoạn quan trọng ) (thật ra là về sau) (4 4 lá)
[2026-07-02 14:58:30] ✅ VALIDATED (3 reactions): mayberandomguy: mai một
[2026-07-02 14:58:30] ✅ VALIDATED (3 reactions): ming_but_rllybad: Nay mai
[2026-07-02 14:58:30] ✅ VALIDATED (3 reactions): sonvippro: đêm nay
[2026-07-02 14:58:30] ✅ VALIDATED (3 reactions): minhkhoi8910: chợ đêm
[2026-07-02 14:58:30] ✅ VALIDATED (3 reactions): mayberandomguy: hội chợ đừng có ai đưa ra từ kết thúc chuỗi là khỏe <:a_nekoDumb:1348346536538538055>
[2026-07-02 14:58:30] ✅ VALIDATED (4 reactions): haiminh1108: lĩnh hội (pls hãy tạo ra lịch sử : con bot thách mình nối đc 200 từ)
[2026-07-02 14:58:30] ✅ VALIDATED (3 reactions): liiinas._26513: Tướng lĩnh Cán mốc 36
[2026-07-02 14:58:30] ✅ VALIDATED (3 reactions): minhkhoi8910: tể tướng
[2026-07-02 14:58:30] ✅ VALIDATED (3 reactions): belly_boi: Chúa tể
[2026-07-02 14:58:30] ✅ VALIDATED (3 reactions): sonvippro: bẫm vua
[2026-07-02 14:58:30] ✅ VALIDATED (3 reactions): liiinas._26513: Bạ bẫm
[2026-07-02 14:58:30] ✅ VALIDATED (3 reactions): _rindou_: sủa bậy
[2026-07-02 14:58:30] ✅ VALIDATED (3 reactions): ihatelovsomuch: sáng sủa
[2026-07-02 14:58:30] ✅ VALIDATED (3 reactions): liiinas._26513: Tảng sáng
[2026-07-02 14:58:30] ✅ VALIDATED (3 reactions): sonvippro: đá tảng
[2026-07-02 14:58:30] ✅ VALIDATED (3 reactions): haiminh1108: than đá (hình như bố kia đang cố để ko lặp từ)
[2026-07-02 14:58:30] ✅ VALIDATED (3 reactions): mayberandomguy: muội than
[2026-07-02 14:58:30] ✅ VALIDATED (3 reactions): _rindou_: mê muội
[2026-07-02 14:58:30] ✅ VALIDATED (3 reactions): mayberandomguy: ngủ mê
[2026-07-02 14:58:30] ✅ VALIDATED (3 reactions): haiminh1108: giấc ngủ (cố lên đc 1/5 r) (:/) (muội gì nhể?)
[2026-07-02 14:58:30] ✅ VALIDATED (3 reactions): bonkyguy: giờ giấc
[2026-07-02 14:58:30] ✅ VALIDATED (3 reactions): hao_1412: Nãy giờ
[2026-07-02 14:58:30] ✅ VALIDATED (3 reactions): sonvippro: hồi nãy
[2026-07-02 14:58:30] ✅ VALIDATED (3 reactions): dhdhbdhdhd_61843: Luân hồi
[2026-07-02 14:58:30] ✅ VALIDATED (3 reactions): sushidotnat_11962: Loạn luân
[2026-07-02 14:58:30] ✅ VALIDATED (3 reactions): mayberandomguy: toán loạn
[2026-07-02 14:58:30] ✅ VALIDATED (3 reactions): haiminh1108: thuật toán (bối cảnh)
[2026-07-02 14:58:30] ✅ VALIDATED (3 reactions): ming_but_rllybad: Nghệ thuật
[2026-07-02 14:58:30] ✅ VALIDATED (3 reactions): mayberandomguy: ong nghệ
[2026-07-02 14:58:30] ✅ VALIDATED (3 reactions): lbn.ik: Tổ ong
[2026-07-02 14:58:31] ✅ VALIDATED (3 reactions): huydaubuoi1234: phật tổ
[2026-07-02 14:58:31] ✅ VALIDATED (2 reactions): haiminh1108: niệm Phật (phải tìm đủ 100 từ nối để trêu con bot)
[2026-07-02 14:58:31] ✅ VALIDATED (2 reactions): mayberandomguy: tưởng niệm
[2026-07-02 14:58:31] ✅ VALIDATED (2 reactions): fere0409_16985: Lầm tưởng
[2026-07-02 14:58:31] ✅ VALIDATED (2 reactions): ming_but_rllybad: Lỗi lầm
[2026-07-02 14:58:31] ✅ VALIDATED (2 reactions): sonvippro: thứ lỗi
[2026-07-02 14:58:31] ✅ VALIDATED (2 reactions): mayberandomguy: chuẩn thứ ok luôn <:A_acnThumbUp:693116164745724036>
[2026-07-02 14:58:31] ✅ VALIDATED (2 reactions): mathet0608: Tiêu chuẩn
[2026-07-02 14:58:31] ✅ VALIDATED (2 reactions): haiminh1108: phi tiêu (nhưng tìm từ có thể nối đi 😭)
[2026-07-02 14:58:31] ✅ VALIDATED (2 reactions): mayberandomguy: ái phi dần dần rồi quen ấy mà trong này nhiều cao thủ lắm
[2026-07-02 14:58:31] ✅ VALIDATED (2 reactions): sonvippro: nợ đìa
[2026-07-02 14:58:31] ✅ VALIDATED (2 reactions): ming_but_rllybad: Duyên nợ
[2026-07-02 14:58:31] ✅ VALIDATED (2 reactions): mayberandomguy: cơ duyên
[2026-07-02 14:58:31] ✅ VALIDATED (2 reactions): haiminh1108: đau cơ (tôi đồng ý với sự bỡ ngỡ với từ của ổng nhưng đôi lúc tìm ra từ không thể nối nữa thì khó)
[2026-07-02 14:58:31] ✅ VALIDATED (2 reactions): sonvippro: gác điêng
[2026-07-02 14:58:31] ✅ VALIDATED (2 reactions): mayberandomguy: thang gác
[2026-07-02 14:58:31] ✅ VALIDATED (2 reactions): ming_but_rllybad: Bậc thang
[2026-07-02 14:58:31] ✅ VALIDATED (2 reactions): sonvippro: ngạch bậc
[2026-07-02 14:58:32] ✅ VALIDATED (2 reactions): mayberandomguy: hạn ngạch mấy mem mới còn bỡ ngỡ chứ ai chơi trong này lâu cũng phải nể vài phần
[2026-07-02 14:58:32] ✅ VALIDATED (2 reactions): haiminh1108: giới hạn (bố đó tìm từ quá skibidi)
[2026-07-02 14:58:32] ✅ VALIDATED (2 reactions): spino2232: thế giới
[2026-07-02 14:58:32] ✅ VALIDATED (2 reactions): mayberandomguy: hương nhụy kệ đi goat đấy,vua nối từ của phòng này
[2026-07-02 14:58:32] ✅ VALIDATED (2 reactions): sonvippro: hình xuyến
[2026-07-02 14:58:32] ✅ VALIDATED (2 reactions): ming_but_rllybad: Đội hình
[2026-07-02 14:58:32] ✅ VALIDATED (2 reactions): haiminh1108: hạm đội (nữa à đm)
[2026-07-02 14:58:32] ✅ VALIDATED (2 reactions): ngotanhien48964768: Chiến hạm
[2026-07-02 14:58:32] ✅ VALIDATED (2 reactions): mayberandomguy: lính chiến
[2026-07-02 14:58:32] ✅ VALIDATED (2 reactions): itzfynx: binh lính
[2026-07-02 14:58:32] ✅ VALIDATED (2 reactions): ming_but_rllybad: Lõng bõng
[2026-07-02 14:58:32] ✅ VALIDATED (2 reactions): ngotanhien48964768: Lạc Lõng
[2026-07-02 14:58:32] ✅ VALIDATED (2 reactions): haiminh1108: khoái lạc (wtf)
[2026-07-02 14:58:32] ✅ VALIDATED (2 reactions): mayberandomguy: sảng khoái
[2026-07-02 14:58:32] ✅ VALIDATED (2 reactions): npttgg: Hào sảng
[2026-07-02 14:58:32] ✅ VALIDATED (2 reactions): spino2232: hồng hào
[2026-07-02 14:58:32] ✅ VALIDATED (2 reactions): sonvippro: quan lạn
[2026-07-02 14:58:32] ✅ VALIDATED (2 reactions): itzfynx: giác quan
[2026-07-02 14:58:32] ✅ VALIDATED (2 reactions): ngotanhien48964768: Lượng giác
[2026-07-02 14:58:32] ✅ VALIDATED (2 reactions): mayberandomguy: nhiệt lượng
[2026-07-02 14:58:32] ✅ VALIDATED (2 reactions): haiminh1108: náo nhiệt (3 nơ-ron não bộ đã nghĩ)
[2026-07-02 14:58:32] ✅ VALIDATED (2 reactions): ming_but_rllybad: Huyên náo
[2026-07-02 14:58:32] ✅ VALIDATED (2 reactions): wuyt: Hàn huyên
[2026-07-02 14:58:32] ✅ VALIDATED (2 reactions): ngotanhien48964768: Cơ hàn
[2026-07-02 14:58:32] ✅ VALIDATED (2 reactions): mayberandomguy: xương xẩu mấy dân chuyên trong này thì đơn giản ấy mà <:a_nekoDumb:1348346536538538055>
[2026-07-02 14:58:32] ✅ VALIDATED (2 reactions): liiinas._26513: Chèo chẹo
[2026-07-02 14:58:32] ✅ VALIDATED (2 reactions): haiminh1108: chiếng chèo (bro tìm từ quá khó)
[2026-07-02 14:58:32] ✅ VALIDATED (2 reactions): liiinas._26513: Tứ chiếng
[2026-07-02 14:58:32] ✅ VALIDATED (2 reactions): ngotanhien48964768: Tình tứ, mấy cha này chs timing ko v 🐧
[2026-07-02 14:58:32] ✅ VALIDATED (2 reactions): sonvippro: từ rày
[2026-07-02 14:58:32] ✅ VALIDATED (3 reactions): haiminh1108: điền từ (chịu r điền từ khó thế)
[2026-07-02 14:58:32] ✅ VALIDATED (3 reactions): liiinas._26513: Tá điền
[2026-07-02 14:58:32] ✅ VALIDATED (2 reactions): abramsregg: y tá
[2026-07-02 14:58:32] ✅ VALIDATED (2 reactions): ngotanhien48964768: Đông y
[2026-07-02 14:58:32] ✅ VALIDATED (2 reactions): kong1209.: Rã đông
[2026-07-02 14:58:32] ✅ VALIDATED (2 reactions): mayberandomguy: Tan rã
[2026-07-02 14:58:32] ✅ VALIDATED (2 reactions): liiinas._26513: Vỡ tan
[2026-07-02 14:58:32] ✅ VALIDATED (2 reactions): haiminh1108: vụn vỡ (bố trên khá :/) (ban nhạc ngọt đã "tan") (vl)
[2026-07-02 14:58:32] ✅ VALIDATED (2 reactions): abramsregg: vỡ vụn (wow)
[2026-07-02 14:58:32] ✅ VALIDATED (2 reactions): ngotanhien48964768: Đập vỡ
[2026-07-02 14:58:32] ✅ VALIDATED (2 reactions): mayberandomguy: Đánh đập
[2026-07-02 14:58:32] ✅ VALIDATED (2 reactions): sonvippro: cha dượng
[2026-07-02 14:58:32] ✅ VALIDATED (2 reactions): haiminh1108: ông cha (t đã đợi  ng điền nhưng ko phải như này )
[2026-07-02 14:58:32] ✅ VALIDATED (2 reactions): liiinas._26513: Trúc nhự Chơi quen thì cần gì gg
[2026-07-02 14:58:32] ✅ VALIDATED (2 reactions): 415_2081148_12153: Kiến trúc
[2026-07-02 14:58:32] ✅ VALIDATED (2 reactions): ngotanhien48964768: Định kiến,( chỉnh sửa) lại cái từ đấy 🐧
[2026-07-02 14:58:32] ✅ VALIDATED (3 reactions): sonvippro: điện đóm
[2026-07-02 14:58:32] ✅ VALIDATED (3 reactions): abramsregg: mạch điện
[2026-07-02 14:58:32] ✅ VALIDATED (3 reactions): ngotanhien48964768: Nghẽn mạch, ui zời ơi 🐧🥀
[2026-07-02 14:58:32] ✅ VALIDATED (3 reactions): abramsregg: tắc nghẽn lol
[2026-07-02 14:58:41] mayberandomguy: hà hà
[2026-07-02 14:58:43] ✅ VALIDATED (2 reactions): mayberandomguy: hà hà
[2026-07-02 15:01:25] ✅ VALIDATED (2 reactions): alotm._63708: Giá như
[2026-07-02 15:01:25] ✅ VALIDATED (2 reactions): ark_slayer.: Hà rằm Ông ghi 3 từ chả thế
[2026-07-02 15:01:25] ✅ VALIDATED (2 reactions): mayberandomguy: hà hà khẹt khẹt khẹt khà khà khà  hớ hớ hớ  hẹ hẹ hẹ <:a_higoDumb:1476569388759912569>
[2026-07-02 15:01:25] ✅ VALIDATED (2 reactions): minhkhoi8910: phiền hà<:A_Troll:931212635351973898>x3
[2026-07-02 15:01:26] ✅ VALIDATED (2 reactions): ark_slayer.: Than phiền<:A_Troll:931212635351973898>
[2026-07-02 15:01:26] ✅ VALIDATED (2 reactions): liiinas._26513: Lục lọi
[2026-07-02 15:01:26] ✅ VALIDATED (2 reactions): minhkhoi8910: phụ lục
[2026-07-02 15:01:26] ✅ VALIDATED (2 reactions): 8iv4.blnn0: lác đác
[2026-07-02 15:01:26] ✅ VALIDATED (2 reactions): ming_but_rllybad: Khoác lác
[2026-07-02 15:01:26] ✅ VALIDATED (2 reactions): tuanhungngao1: Áo khoác
[2026-07-02 15:01:26] ✅ VALIDATED (2 reactions): mayberandomguy: nhau nhảu <:a_nekoDumb:1348346536538538055>
[2026-07-02 15:01:26] ✅ VALIDATED (3 reactions): haiminh1108: bằng nhau (bro quên vuốt xuống đúng ko ?) (well vẫn chết)
[2026-07-02 15:01:26] ✅ VALIDATED (2 reactions): liiinas._26513: Cân bằng
[2026-07-02 15:01:26] ✅ VALIDATED (2 reactions): haiminh1108: cán cân (tôi chỉ biết dép tông :/) (vai cut)
[2026-07-02 15:01:26] ✅ VALIDATED (2 reactions): lee_kieen: cốt cán
[2026-07-02 15:01:26] ✅ VALIDATED (2 reactions): mayberandomguy: bà cốt
[2026-07-02 15:01:26] ✅ VALIDATED (2 reactions): mayberandomguy: quế hòe thôi kệ đi đừng cãi nhau sự lỡ rồi <:a_nekoDumb:1348346536538538055>
[2026-07-02 15:01:26] ✅ VALIDATED (2 reactions): sonvippro: chung chạ
[2026-07-02 15:01:26] ✅ VALIDATED (2 reactions): minhkhoi8910: đồ dùng
[2026-07-02 15:01:26] ✅ VALIDATED (2 reactions): haiminh1108: cầm đồ (đm ăn cứt rrrrrrrrrr) (chúng ta tưởng sẽ thắng nhưng đéo)
[2026-07-02 15:01:27] ✅ VALIDATED (2 reactions): liiinas._26513: Tác hại
[2026-07-02 15:01:27] ✅ VALIDATED (4 reactions): sonvippro: tan tác
[2026-07-02 15:01:27] ✅ VALIDATED (3 reactions): ming_but_rllybad: Giòn tan
[2026-07-02 15:01:27] ✅ VALIDATED (3 reactions): morgana8386: cơm chiên
[2026-07-02 15:01:27] ✅ VALIDATED (4 reactions): sonvippro: thi thố
[2026-07-02 15:01:27] ✅ VALIDATED (3 reactions): jalberas420: Quan điểm
[2026-07-02 15:01:27] ✅ VALIDATED (3 reactions): ming_but_rllybad: Giác quan
[2026-07-02 15:01:27] ✅ VALIDATED (3 reactions): tuanhungngao1: Tứ giác
[2026-07-02 15:01:27] ✅ VALIDATED (3 reactions): .nhackar_: Tình tứ
[2026-07-02 15:01:27] ✅ VALIDATED (3 reactions): mayberandomguy: sự tình
[2026-07-02 15:01:27] ✅ VALIDATED (3 reactions): haiminh1108: thật sự (việc)
[2026-07-02 15:01:27] ✅ VALIDATED (3 reactions): minhkhoi8910: sự thật
[2026-07-02 15:01:27] ✅ VALIDATED (3 reactions): ming_but_rllybad: Phận sự Pls 50
[2026-07-02 15:01:27] ✅ VALIDATED (3 reactions): mayberandomguy: số phận
[2026-07-02 15:01:27] ✅ VALIDATED (3 reactions): haiminh1108: một số (đây là giai đoạn quan trọng ) (thật ra là về sau) (4 4 lá)
[2026-07-02 15:01:27] ✅ VALIDATED (3 reactions): mayberandomguy: mai một
[2026-07-02 15:01:27] ✅ VALIDATED (3 reactions): ming_but_rllybad: Nay mai
[2026-07-02 15:01:27] ✅ VALIDATED (3 reactions): mayberandomguy: hội chợ đừng có ai đưa ra từ kết thúc chuỗi là khỏe <:a_nekoDumb:1348346536538538055>
[2026-07-02 15:01:27] ✅ VALIDATED (4 reactions): haiminh1108: lĩnh hội (pls hãy tạo ra lịch sử : con bot thách mình nối đc 200 từ)
[2026-07-02 15:01:27] ✅ VALIDATED (3 reactions): liiinas._26513: Tướng lĩnh Cán mốc 36
[2026-07-02 15:01:27] ✅ VALIDATED (3 reactions): minhkhoi8910: tể tướng
[2026-07-02 15:01:27] ✅ VALIDATED (3 reactions): belly_boi: Chúa tể
[2026-07-02 15:01:27] ✅ VALIDATED (3 reactions): ihatelovsomuch: sáng sủa
[2026-07-02 15:01:27] ✅ VALIDATED (3 reactions): liiinas._26513: Tảng sáng
[2026-07-02 15:01:27] ✅ VALIDATED (3 reactions): sonvippro: đá tảng
[2026-07-02 15:01:27] ✅ VALIDATED (3 reactions): haiminh1108: than đá (hình như bố kia đang cố để ko lặp từ)
[2026-07-02 15:01:27] ✅ VALIDATED (3 reactions): _rindou_: mê muội
[2026-07-02 15:01:27] ✅ VALIDATED (3 reactions): mayberandomguy: ngủ mê
[2026-07-02 15:01:27] ✅ VALIDATED (3 reactions): haiminh1108: giấc ngủ (cố lên đc 1/5 r) (:/) (muội gì nhể?)
[2026-07-02 15:01:27] ✅ VALIDATED (3 reactions): bonkyguy: giờ giấc
[2026-07-02 15:01:27] ✅ VALIDATED (3 reactions): hao_1412: Nãy giờ
[2026-07-02 15:01:27] ✅ VALIDATED (3 reactions): sonvippro: hồi nãy
[2026-07-02 15:01:27] ✅ VALIDATED (3 reactions): dhdhbdhdhd_61843: Luân hồi
[2026-07-02 15:01:27] haiminh1108: như yên
[2026-07-02 15:01:27] ✅ VALIDATED (3 reactions): sushidotnat_11962: Loạn luân
[2026-07-02 15:01:27] ✅ VALIDATED (3 reactions): mayberandomguy: toán loạn
[2026-07-02 15:01:27] ✅ VALIDATED (3 reactions): haiminh1108: thuật toán (bối cảnh)
[2026-07-02 15:01:27] ✅ VALIDATED (3 reactions): ming_but_rllybad: Nghệ thuật
[2026-07-02 15:01:27] ✅ VALIDATED (3 reactions): mayberandomguy: ong nghệ
[2026-07-02 15:01:27] ✅ VALIDATED (3 reactions): lbn.ik: Tổ ong
[2026-07-02 15:01:27] ✅ VALIDATED (3 reactions): huydaubuoi1234: phật tổ
[2026-07-02 15:01:27] ✅ VALIDATED (2 reactions): haiminh1108: niệm Phật (phải tìm đủ 100 từ nối để trêu con bot)
[2026-07-02 15:01:27] ✅ VALIDATED (2 reactions): mayberandomguy: tưởng niệm
[2026-07-02 15:01:27] ✅ VALIDATED (2 reactions): ming_but_rllybad: Lỗi lầm
[2026-07-02 15:01:27] ✅ VALIDATED (2 reactions): sonvippro: thứ lỗi
[2026-07-02 15:01:27] ✅ VALIDATED (2 reactions): mayberandomguy: chuẩn thứ ok luôn <:A_acnThumbUp:693116164745724036>
[2026-07-02 15:01:27] ✅ VALIDATED (2 reactions): mathet0608: Tiêu chuẩn
[2026-07-02 15:01:27] ✅ VALIDATED (2 reactions): haiminh1108: phi tiêu (nhưng tìm từ có thể nối đi 😭)
[2026-07-02 15:01:27] ✅ VALIDATED (2 reactions): mayberandomguy: ái phi dần dần rồi quen ấy mà trong này nhiều cao thủ lắm
[2026-07-02 15:01:27] ✅ VALIDATED (2 reactions): sonvippro: nợ đìa
[2026-07-02 15:01:27] ✅ VALIDATED (2 reactions): ming_but_rllybad: Duyên nợ
[2026-07-02 15:01:27] GlitchBucket#9965: Bạn đã sử dụng một từ **không có trong từ điển** (như yên). -# </wordconnect rule:1322768050533175339> để kiểm tra quy định nối từ `|` Từ cuối cùng: **như vầy**
[2026-07-02 15:01:27] ✅ VALIDATED (2 reactions): mayberandomguy: cơ duyên
[2026-07-02 15:01:27] ✅ VALIDATED (2 reactions): haiminh1108: đau cơ (tôi đồng ý với sự bỡ ngỡ với từ của ổng nhưng đôi lúc tìm ra từ không thể nối nữa thì khó)
[2026-07-02 15:01:27] ✅ VALIDATED (2 reactions): sonvippro: gác điêng
[2026-07-02 15:01:27] ✅ VALIDATED (2 reactions): mayberandomguy: thang gác
[2026-07-02 15:01:27] ✅ VALIDATED (2 reactions): ming_but_rllybad: Bậc thang
[2026-07-02 15:01:27] ✅ VALIDATED (2 reactions): sonvippro: ngạch bậc
[2026-07-02 15:01:28] ✅ VALIDATED (2 reactions): mayberandomguy: hạn ngạch mấy mem mới còn bỡ ngỡ chứ ai chơi trong này lâu cũng phải nể vài phần
[2026-07-02 15:01:28] ✅ VALIDATED (2 reactions): haiminh1108: giới hạn (bố đó tìm từ quá skibidi)
[2026-07-02 15:01:28] ✅ VALIDATED (2 reactions): spino2232: thế giới
[2026-07-02 15:01:28] ✅ VALIDATED (2 reactions): mayberandomguy: hương nhụy kệ đi goat đấy,vua nối từ của phòng này
[2026-07-02 15:01:28] ✅ VALIDATED (2 reactions): sonvippro: hình xuyến
[2026-07-02 15:01:28] ✅ VALIDATED (2 reactions): ming_but_rllybad: Đội hình
[2026-07-02 15:01:28] ✅ VALIDATED (2 reactions): haiminh1108: hạm đội (nữa à đm)
[2026-07-02 15:01:28] ✅ VALIDATED (2 reactions): ngotanhien48964768: Chiến hạm
[2026-07-02 15:01:28] ✅ VALIDATED (2 reactions): mayberandomguy: lính chiến
[2026-07-02 15:01:28] ✅ VALIDATED (2 reactions): itzfynx: binh lính
[2026-07-02 15:01:28] ✅ VALIDATED (2 reactions): ming_but_rllybad: Lõng bõng
[2026-07-02 15:01:28] ✅ VALIDATED (2 reactions): ngotanhien48964768: Lạc Lõng
[2026-07-02 15:01:28] ✅ VALIDATED (2 reactions): haiminh1108: khoái lạc (wtf)
[2026-07-02 15:01:28] ✅ VALIDATED (2 reactions): mayberandomguy: sảng khoái
[2026-07-02 15:01:28] ✅ VALIDATED (2 reactions): npttgg: Hào sảng
[2026-07-02 15:01:28] ✅ VALIDATED (2 reactions): spino2232: hồng hào
[2026-07-02 15:01:28] ✅ VALIDATED (2 reactions): sonvippro: quan lạn
[2026-07-02 15:01:28] ✅ VALIDATED (2 reactions): itzfynx: giác quan
[2026-07-02 15:01:28] ✅ VALIDATED (2 reactions): ngotanhien48964768: Lượng giác
[2026-07-02 15:01:28] ✅ VALIDATED (2 reactions): mayberandomguy: nhiệt lượng
[2026-07-02 15:01:28] ✅ VALIDATED (2 reactions): haiminh1108: náo nhiệt (3 nơ-ron não bộ đã nghĩ)
[2026-07-02 15:01:28] ✅ VALIDATED (2 reactions): ming_but_rllybad: Huyên náo
[2026-07-02 15:01:28] ✅ VALIDATED (2 reactions): wuyt: Hàn huyên
[2026-07-02 15:01:28] ✅ VALIDATED (2 reactions): ngotanhien48964768: Cơ hàn
[2026-07-02 15:01:28] ✅ VALIDATED (2 reactions): mayberandomguy: xương xẩu mấy dân chuyên trong này thì đơn giản ấy mà <:a_nekoDumb:1348346536538538055>
[2026-07-02 15:01:28] ✅ VALIDATED (2 reactions): liiinas._26513: Chèo chẹo
[2026-07-02 15:01:28] ✅ VALIDATED (2 reactions): liiinas._26513: Tứ chiếng
[2026-07-02 15:01:28] ✅ VALIDATED (2 reactions): ngotanhien48964768: Tình tứ, mấy cha này chs timing ko v 🐧
[2026-07-02 15:01:28] ✅ VALIDATED (2 reactions): sonvippro: từ rày
[2026-07-02 15:01:28] ✅ VALIDATED (3 reactions): liiinas._26513: Tá điền
[2026-07-02 15:01:28] ✅ VALIDATED (2 reactions): abramsregg: y tá
[2026-07-02 15:01:28] ✅ VALIDATED (2 reactions): ngotanhien48964768: Đông y
[2026-07-02 15:01:28] ✅ VALIDATED (2 reactions): mayberandomguy: Tan rã
[2026-07-02 15:01:28] ✅ VALIDATED (2 reactions): ngotanhien48964768: Đập vỡ
[2026-07-02 15:01:28] ✅ VALIDATED (2 reactions): mayberandomguy: Đánh đập
[2026-07-02 15:01:28] ✅ VALIDATED (2 reactions): sonvippro: cha dượng
[2026-07-02 15:01:28] ✅ VALIDATED (2 reactions): haiminh1108: ông cha (t đã đợi  ng điền nhưng ko phải như này )
[2026-07-02 15:01:28] ✅ VALIDATED (2 reactions): liiinas._26513: Trúc nhự Chơi quen thì cần gì gg
[2026-07-02 15:01:28] ✅ VALIDATED (2 reactions): 415_2081148_12153: Kiến trúc
[2026-07-02 15:01:28] ✅ VALIDATED (2 reactions): ngotanhien48964768: Định kiến,( chỉnh sửa) lại cái từ đấy 🐧
[2026-07-02 15:01:44] ark_slayer.: Vầy nưa
[2026-07-02 15:01:45] GlitchBucket#9965: Nối từ đã kết thúc sau 3 lượt nối với **vầy nưa** là từ cuối cùng.
[2026-07-02 15:01:46] ✅ VALIDATED (2 reactions): ark_slayer.: Vầy nưa
[2026-07-02 15:01:46] GlitchBucket#9965: Lượt nối từ mới đã bắt đầu với từ **khen cho**!
[2026-07-02 15:02:41] mrsigma_1705: Cho rằng
[2026-07-02 15:02:42] GlitchBucket#9965: Nối từ đã kết thúc sau 1 lượt nối với **cho rằng** là từ cuối cùng. *Từ chốt hạ trong 2 lượt nối đầu tiên sẽ không được cộng điểm.*
[2026-07-02 15:02:43] ✅ VALIDATED (2 reactions): mrsigma_1705: Cho rằng
[2026-07-02 15:02:43] GlitchBucket#9965: Lượt nối từ mới đã bắt đầu với từ **tự biên**!
[2026-07-02 15:03:40] haiminh1108: biên phòng
[2026-07-02 15:03:41] ✅ VALIDATED (2 reactions): haiminh1108: biên phòng
[2026-07-02 15:03:59] minhkhoi8910: phòng thủ
[2026-07-02 15:04:01] ✅ VALIDATED (2 reactions): minhkhoi8910: phòng thủ
[2026-07-02 15:04:09] mayberandomguy: thủ thỉ
[2026-07-02 15:04:10] GlitchBucket#9965: Nối từ đã kết thúc sau 3 lượt nối với **thủ thỉ** là từ cuối cùng.
[2026-07-02 15:04:11] ✅ VALIDATED (2 reactions): mayberandomguy: thủ thỉ
[2026-07-02 15:04:11] GlitchBucket#9965: Lượt nối từ mới đã bắt đầu với từ **lát cắt**!
[2026-07-02 15:04:36] liiinas._26513: Cắt xén
[2026-07-02 15:04:37] ✅ VALIDATED (2 reactions): liiinas._26513: Cắt xén
[2026-07-02 15:05:33] 8iv4.blnn0: tóc tém
[2026-07-02 15:05:34] GlitchBucket#9965: Nối từ đã kết thúc sau 3 lượt nối với **tóc tém** là từ cuối cùng.
[2026-07-02 15:05:34] GlitchBucket#9965: Lượt nối từ mới đã bắt đầu với từ **rẽ cho**!
[2026-07-02 15:05:48] haiminh1108: cho đồ
[2026-07-02 15:06:00] ✅ VALIDATED (2 reactions): haiminh1108: cho đồ (thế nào lại tày)
[2026-07-02 15:06:12] minhkhoi8910: đồ chơi
[2026-07-02 15:06:13] ✅ VALIDATED (2 reactions): minhkhoi8910: đồ chơi
[2026-07-02 15:10:17] morgana8386: thu hoạch
[2026-07-02 15:10:18] mayberandomguy: thu ngân
[2026-07-02 15:10:18] ✅ VALIDATED (2 reactions): liiinas._26513: Nghiệm thu
[2026-07-02 15:10:18] ✅ VALIDATED (2 reactions): minhkhoi8910: ứng nghiệm
[2026-07-02 15:10:18] ✅ VALIDATED (2 reactions): liiinas._26513: Tu din
[2026-07-02 15:10:18] ✅ VALIDATED (2 reactions): minhkhoi8910: đồ chơi (anh đậu cay đấy)
[2026-07-02 15:10:19] ✅ VALIDATED (2 reactions): haiminh1108: cho đồ (thế nào lại tày)
[2026-07-02 15:10:19] ✅ VALIDATED (2 reactions): liiinas._26513: Cắt xén
[2026-07-02 15:10:19] ✅ VALIDATED (2 reactions): mayberandomguy: thủ thỉ
[2026-07-02 15:10:19] ✅ VALIDATED (2 reactions): minhkhoi8910: phòng thủ (thằng nào tên mạnh là ga...)
[2026-07-02 15:10:19] ✅ VALIDATED (2 reactions): haiminh1108: biên phòng (bro thực sự đã chiếu hết trong 1 nước cờ)
[2026-07-02 15:10:19] ✅ VALIDATED (2 reactions): mrsigma_1705: Cho rằng
[2026-07-02 15:10:19] ✅ VALIDATED (2 reactions): ark_slayer.: Vầy nưa<:A_pepeamen:694714243634823219>
[2026-07-02 15:10:19] ✅ VALIDATED (2 reactions): alotm._63708: Giá như
[2026-07-02 15:10:19] ✅ VALIDATED (2 reactions): morgana8386: thu hoạch
[2026-07-02 15:10:19] ✅ VALIDATED (2 reactions): ark_slayer.: Hà rằm Ông ghi 3 từ chả thế
[2026-07-02 15:10:19] ✅ VALIDATED (2 reactions): mayberandomguy: hà hà khẹt khẹt khẹt khà khà khà  hớ hớ hớ  hẹ hẹ hẹ <:a_higoDumb:1476569388759912569>
[2026-07-02 15:10:19] ✅ VALIDATED (2 reactions): minhkhoi8910: phiền hà<:A_Troll:931212635351973898>x3
[2026-07-02 15:10:19] ✅ VALIDATED (2 reactions): ark_slayer.: Than phiền<:A_Troll:931212635351973898>
[2026-07-02 15:10:20] ✅ VALIDATED (2 reactions): liiinas._26513: Lục lọi
[2026-07-02 15:10:20] ✅ VALIDATED (2 reactions): minhkhoi8910: phụ lục
[2026-07-02 15:10:20] ✅ VALIDATED (2 reactions): 8iv4.blnn0: lác đác
[2026-07-02 15:10:20] ✅ VALIDATED (2 reactions): ming_but_rllybad: Khoác lác
[2026-07-02 15:10:20] ✅ VALIDATED (2 reactions): tuanhungngao1: Áo khoác
[2026-07-02 15:10:20] ✅ VALIDATED (2 reactions): mayberandomguy: nhau nhảu <:a_nekoDumb:1348346536538538055>
[2026-07-02 15:10:20] ✅ VALIDATED (3 reactions): haiminh1108: bằng nhau (bro quên vuốt xuống đúng ko ?) (well vẫn chết)
[2026-07-02 15:10:20] ✅ VALIDATED (2 reactions): liiinas._26513: Cân bằng
[2026-07-02 15:10:20] ✅ VALIDATED (2 reactions): haiminh1108: cán cân (tôi chỉ biết dép tông :/) (vai cut)
[2026-07-02 15:10:20] ✅ VALIDATED (2 reactions): lee_kieen: cốt cán
[2026-07-02 15:10:20] ✅ VALIDATED (2 reactions): mayberandomguy: bà cốt
[2026-07-02 15:10:20] ✅ VALIDATED (2 reactions): mayberandomguy: quế hòe thôi kệ đi đừng cãi nhau sự lỡ rồi <:a_nekoDumb:1348346536538538055>
[2026-07-02 15:10:20] ✅ VALIDATED (2 reactions): sonvippro: chung chạ
[2026-07-02 15:10:20] ✅ VALIDATED (2 reactions): minhkhoi8910: đồ dùng
[2026-07-02 15:10:20] ✅ VALIDATED (2 reactions): haiminh1108: cầm đồ (đm ăn cứt rrrrrrrrrr) (chúng ta tưởng sẽ thắng nhưng đéo)
[2026-07-02 15:10:20] ✅ VALIDATED (2 reactions): liiinas._26513: Tác hại
[2026-07-02 15:10:20] ✅ VALIDATED (4 reactions): sonvippro: tan tác
[2026-07-02 15:10:20] ✅ VALIDATED (3 reactions): ming_but_rllybad: Giòn tan
[2026-07-02 15:10:20] ✅ VALIDATED (3 reactions): morgana8386: cơm chiên
[2026-07-02 15:10:20] ✅ VALIDATED (4 reactions): sonvippro: thi thố
[2026-07-02 15:10:20] ✅ VALIDATED (3 reactions): jalberas420: Quan điểm
[2026-07-02 15:10:20] ✅ VALIDATED (3 reactions): ming_but_rllybad: Giác quan
[2026-07-02 15:10:20] ✅ VALIDATED (3 reactions): tuanhungngao1: Tứ giác
[2026-07-02 15:10:20] ✅ VALIDATED (3 reactions): .nhackar_: Tình tứ
[2026-07-02 15:10:20] ✅ VALIDATED (3 reactions): mayberandomguy: sự tình
[2026-07-02 15:10:20] ✅ VALIDATED (3 reactions): haiminh1108: thật sự (việc)
[2026-07-02 15:10:20] ✅ VALIDATED (3 reactions): minhkhoi8910: sự thật
[2026-07-02 15:10:20] ✅ VALIDATED (3 reactions): ming_but_rllybad: Phận sự Pls 50
[2026-07-02 15:10:21] ✅ VALIDATED (3 reactions): mayberandomguy: số phận
[2026-07-02 15:10:21] ✅ VALIDATED (3 reactions): haiminh1108: một số (đây là giai đoạn quan trọng ) (thật ra là về sau) (4 4 lá)
[2026-07-02 15:10:21] ✅ VALIDATED (3 reactions): mayberandomguy: mai một
[2026-07-02 15:10:21] ✅ VALIDATED (3 reactions): ming_but_rllybad: Nay mai
[2026-07-02 15:10:21] ✅ VALIDATED (3 reactions): mayberandomguy: hội chợ đừng có ai đưa ra từ kết thúc chuỗi là khỏe <:a_nekoDumb:1348346536538538055>
[2026-07-02 15:10:21] ✅ VALIDATED (4 reactions): haiminh1108: lĩnh hội (pls hãy tạo ra lịch sử : con bot thách mình nối đc 200 từ)
[2026-07-02 15:10:21] ✅ VALIDATED (3 reactions): liiinas._26513: Tướng lĩnh Cán mốc 36
[2026-07-02 15:10:21] ✅ VALIDATED (3 reactions): minhkhoi8910: tể tướng
[2026-07-02 15:10:21] ✅ VALIDATED (3 reactions): belly_boi: Chúa tể
[2026-07-02 15:10:21] ✅ VALIDATED (3 reactions): ihatelovsomuch: sáng sủa
[2026-07-02 15:10:21] ✅ VALIDATED (3 reactions): liiinas._26513: Tảng sáng
[2026-07-02 15:10:21] ✅ VALIDATED (3 reactions): sonvippro: đá tảng
[2026-07-02 15:10:21] ✅ VALIDATED (3 reactions): haiminh1108: than đá (hình như bố kia đang cố để ko lặp từ)
[2026-07-02 15:10:21] ✅ VALIDATED (3 reactions): _rindou_: mê muội
[2026-07-02 15:10:21] ✅ VALIDATED (3 reactions): mayberandomguy: ngủ mê
[2026-07-02 15:10:21] ✅ VALIDATED (3 reactions): haiminh1108: giấc ngủ (cố lên đc 1/5 r) (:/) (muội gì nhể?)
[2026-07-02 15:10:21] ✅ VALIDATED (3 reactions): bonkyguy: giờ giấc
[2026-07-02 15:10:21] ✅ VALIDATED (3 reactions): hao_1412: Nãy giờ
[2026-07-02 15:10:21] ✅ VALIDATED (3 reactions): sonvippro: hồi nãy
[2026-07-02 15:10:21] ✅ VALIDATED (3 reactions): dhdhbdhdhd_61843: Luân hồi
[2026-07-02 15:10:21] ✅ VALIDATED (3 reactions): sushidotnat_11962: Loạn luân
[2026-07-02 15:10:21] ✅ VALIDATED (3 reactions): mayberandomguy: toán loạn
[2026-07-02 15:10:21] ✅ VALIDATED (3 reactions): haiminh1108: thuật toán (bối cảnh)
[2026-07-02 15:10:21] ✅ VALIDATED (3 reactions): ming_but_rllybad: Nghệ thuật
[2026-07-02 15:10:21] ✅ VALIDATED (3 reactions): mayberandomguy: ong nghệ
[2026-07-02 15:10:21] ✅ VALIDATED (3 reactions): lbn.ik: Tổ ong
[2026-07-02 15:10:21] ✅ VALIDATED (3 reactions): huydaubuoi1234: phật tổ
[2026-07-02 15:10:21] ✅ VALIDATED (2 reactions): haiminh1108: niệm Phật (phải tìm đủ 100 từ nối để trêu con bot)
[2026-07-02 15:10:21] ✅ VALIDATED (2 reactions): mayberandomguy: tưởng niệm
[2026-07-02 15:10:21] ✅ VALIDATED (2 reactions): ming_but_rllybad: Lỗi lầm
[2026-07-02 15:10:21] ✅ VALIDATED (2 reactions): sonvippro: thứ lỗi
[2026-07-02 15:10:21] ✅ VALIDATED (2 reactions): mayberandomguy: chuẩn thứ ok luôn <:A_acnThumbUp:693116164745724036>
[2026-07-02 15:10:21] ✅ VALIDATED (2 reactions): mathet0608: Tiêu chuẩn
[2026-07-02 15:10:21] ✅ VALIDATED (2 reactions): haiminh1108: phi tiêu (nhưng tìm từ có thể nối đi 😭)
[2026-07-02 15:10:21] ✅ VALIDATED (2 reactions): mayberandomguy: ái phi dần dần rồi quen ấy mà trong này nhiều cao thủ lắm
[2026-07-02 15:10:21] ✅ VALIDATED (2 reactions): sonvippro: nợ đìa
[2026-07-02 15:10:21] ✅ VALIDATED (2 reactions): ming_but_rllybad: Duyên nợ
[2026-07-02 15:10:21] ✅ VALIDATED (2 reactions): mayberandomguy: cơ duyên
[2026-07-02 15:10:21] ✅ VALIDATED (2 reactions): haiminh1108: đau cơ (tôi đồng ý với sự bỡ ngỡ với từ của ổng nhưng đôi lúc tìm ra từ không thể nối nữa thì khó)
[2026-07-02 15:10:21] ✅ VALIDATED (2 reactions): sonvippro: gác điêng
[2026-07-02 15:10:21] ✅ VALIDATED (2 reactions): mayberandomguy: thang gác
[2026-07-02 15:10:21] ✅ VALIDATED (2 reactions): ming_but_rllybad: Bậc thang
[2026-07-02 15:10:21] ✅ VALIDATED (2 reactions): sonvippro: ngạch bậc
[2026-07-02 15:10:22] ✅ VALIDATED (2 reactions): mayberandomguy: hạn ngạch mấy mem mới còn bỡ ngỡ chứ ai chơi trong này lâu cũng phải nể vài phần
[2026-07-02 15:10:22] ✅ VALIDATED (2 reactions): haiminh1108: giới hạn (bố đó tìm từ quá skibidi)
[2026-07-02 15:10:22] ✅ VALIDATED (2 reactions): spino2232: thế giới
[2026-07-02 15:10:22] ✅ VALIDATED (2 reactions): mayberandomguy: hương nhụy kệ đi goat đấy,vua nối từ của phòng này
[2026-07-02 15:10:22] ✅ VALIDATED (2 reactions): sonvippro: hình xuyến
[2026-07-02 15:10:22] ✅ VALIDATED (2 reactions): ming_but_rllybad: Đội hình
[2026-07-02 15:10:22] ✅ VALIDATED (2 reactions): haiminh1108: hạm đội (nữa à đm)
[2026-07-02 15:10:22] ✅ VALIDATED (2 reactions): ngotanhien48964768: Chiến hạm
[2026-07-02 15:10:22] ✅ VALIDATED (2 reactions): mayberandomguy: lính chiến
[2026-07-02 15:10:22] ✅ VALIDATED (2 reactions): itzfynx: binh lính
[2026-07-02 15:10:22] ✅ VALIDATED (2 reactions): ming_but_rllybad: Lõng bõng
[2026-07-02 15:10:22] ✅ VALIDATED (2 reactions): ngotanhien48964768: Lạc Lõng
[2026-07-02 15:10:22] ✅ VALIDATED (2 reactions): haiminh1108: khoái lạc (wtf)
[2026-07-02 15:10:22] ✅ VALIDATED (2 reactions): mayberandomguy: sảng khoái
[2026-07-02 15:10:22] ✅ VALIDATED (2 reactions): npttgg: Hào sảng
[2026-07-02 15:10:22] ✅ VALIDATED (2 reactions): spino2232: hồng hào
[2026-07-02 15:10:22] ✅ VALIDATED (2 reactions): sonvippro: quan lạn
[2026-07-02 15:10:22] ✅ VALIDATED (2 reactions): itzfynx: giác quan
[2026-07-02 15:10:22] ✅ VALIDATED (2 reactions): ngotanhien48964768: Lượng giác
[2026-07-02 15:10:22] ✅ VALIDATED (2 reactions): mayberandomguy: nhiệt lượng
[2026-07-02 15:10:22] ✅ VALIDATED (2 reactions): haiminh1108: náo nhiệt (3 nơ-ron não bộ đã nghĩ)
[2026-07-02 15:10:22] ✅ VALIDATED (2 reactions): ming_but_rllybad: Huyên náo
[2026-07-02 15:10:22] ✅ VALIDATED (2 reactions): wuyt: Hàn huyên
[2026-07-02 15:10:22] ✅ VALIDATED (2 reactions): ngotanhien48964768: Cơ hàn
[2026-07-02 15:10:22] ✅ VALIDATED (2 reactions): mayberandomguy: xương xẩu mấy dân chuyên trong này thì đơn giản ấy mà <:a_nekoDumb:1348346536538538055>
[2026-07-02 15:11:19] duckkei36: Hoạch định
[2026-07-02 15:11:20] ✅ VALIDATED (2 reactions): duckkei36: Hoạch định
[2026-07-02 15:11:43] 275565_: định nghĩa
[2026-07-02 15:11:45] ✅ VALIDATED (2 reactions): 275565_: định nghĩa
[2026-07-02 15:13:01] mayberandomguy: quyên sinh
[2026-07-02 15:13:02] ✅ VALIDATED (2 reactions): mayberandomguy: quyên sinh
[2026-07-02 15:13:16] haiminh1108: sinh học
[2026-07-02 15:13:17] ✅ VALIDATED (2 reactions): haiminh1108: sinh học
[2026-07-02 15:13:39] liiinas._26513: Học hành
[2026-07-02 15:13:40] ✅ VALIDATED (2 reactions): liiinas._26513: Học hành
[2026-07-02 15:15:00] lekobuon: Lang sói
[2026-07-02 15:15:02] ✅ VALIDATED (2 reactions): lekobuon: Lang sói
[2026-07-02 15:16:03] haiminh1108: sói hoang
[2026-07-02 15:17:13] liiinas._26513: Hoang hoác
[2026-07-02 15:17:14] ✅ VALIDATED (2 reactions): liiinas._26513: Hoang hoác
[2026-07-02 15:18:50] haiminh1108: giáo hoàng
[2026-07-02 15:18:52] ✅ VALIDATED (2 reactions): haiminh1108: giáo hoàng
[2026-07-02 15:19:59] liiinas._26513: Hoàng tuyền
[2026-07-02 15:20:00] ✅ VALIDATED (2 reactions): liiinas._26513: Hoàng tuyền
[2026-07-02 15:20:40] 8iv4.blnn0: đài đóm
[2026-07-02 15:20:41] ✅ VALIDATED (2 reactions): 8iv4.blnn0: đài đóm
[2026-07-02 15:21:21] haiminh1108: để đồ
[2026-07-02 15:21:43] raikugi: đồ đạc
[2026-07-02 15:21:44] ✅ VALIDATED (2 reactions): raikugi: đồ đạc
[2026-07-02 15:22:54] liiinas._26513: Điền viên
[2026-07-02 15:22:55] ✅ VALIDATED (2 reactions): liiinas._26513: Điền viên
[2026-07-02 15:24:05] haiminh1108: viên đá
[2026-07-02 15:26:19] morgana8386: viên chức
[2026-07-02 15:26:20] ✅ VALIDATED (2 reactions): morgana8386: viên chức
[2026-07-02 15:26:42] liiinas._26513: Năng lực
[2026-07-02 15:26:43] ✅ VALIDATED (2 reactions): liiinas._26513: Năng lực
[2026-07-02 15:26:53] haiminh1108: lực đẩy
[2026-07-02 15:26:59] minhkhoi8910: đẩy tạ
[2026-07-02 15:27:00] ✅ VALIDATED (2 reactions): minhkhoi8910: đẩy tạ
[2026-07-02 15:29:13] walterweight1668: Thế cục
[2026-07-02 15:29:14] ✅ VALIDATED (2 reactions): walterweight1668: Thế cục
[2026-07-02 15:29:21] sonvippro: cục mịch
[2026-07-02 15:29:22] ✅ VALIDATED (2 reactions): sonvippro: cục mịch
[2026-07-02 15:30:09] haiminh1108: tầm thường
[2026-07-02 15:30:11] ✅ VALIDATED (2 reactions): haiminh1108: tầm thường
[2026-07-02 15:30:53] dodinside: dùng dắng
[2026-07-02 15:30:54] ✅ VALIDATED (2 reactions): dodinside: dùng dắng
[2026-07-02 15:32:35] haiminh1108: tố giác
[2026-07-02 15:32:36] ✅ VALIDATED (2 reactions): haiminh1108: tố giác
[2026-07-02 15:33:04] dodinside: giác ngộ
[2026-07-02 15:33:05] ✅ VALIDATED (2 reactions): dodinside: giác ngộ
[2026-07-02 15:33:11] liiinas._26513: Ngộ nghĩnh
[2026-07-02 15:33:12] ✅ VALIDATED (2 reactions): liiinas._26513: Ngộ nghĩnh
[2026-07-02 15:33:35] abramsregg: việt vị
[2026-07-02 15:33:37] ✅ VALIDATED (2 reactions): abramsregg: việt vị
[2026-07-02 15:33:44] iirenelegoat: vị giác
[2026-07-02 15:33:45] ✅ VALIDATED (2 reactions): iirenelegoat: vị giác
[2026-07-02 15:33:56] nguynhoeng: Giác quan
[2026-07-02 15:33:57] ✅ VALIDATED (2 reactions): nguynhoeng: Giác quan
[2026-07-02 15:34:59] haiminh1108: niệm pháp
[2026-07-02 15:35:08] zamnjds: Niệm Phật
[2026-07-02 15:35:09] ✅ VALIDATED (2 reactions): zamnjds: Niệm Phật
[2026-07-02 15:35:30] liiinas._26513: Phật đản
[2026-07-02 15:35:31] ✅ VALIDATED (2 reactions): liiinas._26513: Phật đản
[2026-07-02 15:35:47] dodinside: đàn hồi
[2026-07-02 15:37:54] dodinside: bạch tạng
[2026-07-02 15:37:56] ✅ VALIDATED (2 reactions): dodinside: bạch tạng
[2026-07-02 15:38:53] haiminh1108: phủ bạt
[2026-07-02 15:39:18] ming_but_rllybad: Phủ quyết
[2026-07-02 15:39:19] ✅ VALIDATED (2 reactions): ming_but_rllybad: Phủ quyết
[2026-07-02 15:39:37] liiinas._26513: Quyết đoán
[2026-07-02 15:39:38] ✅ VALIDATED (2 reactions): liiinas._26513: Quyết đoán
[2026-07-02 15:40:41] noname043815_67845: Số năm
[2026-07-02 15:40:45] dodinside: số pi
[2026-07-02 15:40:46] ✅ VALIDATED (2 reactions): dodinside: số pi
[2026-07-02 15:41:04] haiminh1108: kí hiệu
[2026-07-02 15:41:05] ✅ VALIDATED (2 reactions): haiminh1108: kí hiệu
[2026-07-02 15:41:54] ming_but_rllybad: Hiệu đính
[2026-07-02 15:41:55] ✅ VALIDATED (2 reactions): ming_but_rllybad: Hiệu đính
[2026-07-02 15:42:58] liiinas._26513: Ước mơ
[2026-07-02 15:43:00] ✅ VALIDATED (2 reactions): liiinas._26513: Ước mơ
[2026-07-02 15:43:11] haiminh1108: mơ ước
[2026-07-02 15:43:13] ✅ VALIDATED (2 reactions): haiminh1108: mơ ước
[2026-07-02 15:44:08] dodinside: ước ao
[2026-07-02 15:44:09] ✅ VALIDATED (2 reactions): dodinside: ước ao
[2026-07-02 15:45:42] ming_but_rllybad: Ảo diệu
[2026-07-02 15:46:19] dodinside: diệu dàng
[2026-07-02 15:50:10] phamgiaphuc_15: diệu kỳ
[2026-07-02 15:50:14] sonvippro: kỳ quặc
[2026-07-02 15:50:15] ✅ VALIDATED (2 reactions): sonvippro: kỳ quặc
[2026-07-02 15:50:37] liiinas._26513: Phúc du
[2026-07-02 15:52:13] ming_but_rllybad: Phúc lợi
[2026-07-02 15:52:15] ✅ VALIDATED (2 reactions): ming_but_rllybad: Phúc lợi
[2026-07-02 15:52:22] npttgg: Lợi nhuận
[2026-07-02 15:52:22] ✅ VALIDATED (2 reactions): npttgg: Lợi nhuận
[2026-07-02 15:53:36] phamgiaphuc_15: nhuận trạch
[2026-07-02 15:53:39] ✅ VALIDATED (2 reactions): phamgiaphuc_15: nhuận trạch
[2026-07-02 15:53:52] dodinside: trạch tả
[2026-07-02 15:53:53] ✅ VALIDATED (2 reactions): dodinside: trạch tả
[2026-07-02 15:53:54] liiinas._26513: Trạch tả
[2026-07-02 15:54:05] ✅ VALIDATED (2 reactions): liiinas._26513: Trạch tả<:a_sob:1349589788239331438>
[2026-07-02 15:55:51] phamgiaphuc_15: thực tại
[2026-07-02 15:55:52] ✅ VALIDATED (2 reactions): phamgiaphuc_15: thực tại
[2026-07-02 15:56:27] maiminhphuccc: tại sao
[2026-07-02 15:56:28] ✅ VALIDATED (2 reactions): maiminhphuccc: tại sao
[2026-07-02 15:56:57] liiinas._26513: Sao vậy
[2026-07-02 15:56:58] ✅ VALIDATED (2 reactions): liiinas._26513: Sao vậy
[2026-07-02 15:57:10] nah085493: Thay đổi
[2026-07-02 15:57:11] ✅ VALIDATED (2 reactions): nah085493: Thay đổi
[2026-07-02 15:57:56] phamgiaphuc_15: đổi thay
[2026-07-02 15:57:57] ✅ VALIDATED (2 reactions): phamgiaphuc_15: đổi thay
[2026-07-02 15:58:29] ming_but_rllybad: Thay mặt
[2026-07-02 15:58:31] ✅ VALIDATED (2 reactions): ming_but_rllybad: Thay mặt
[2026-07-02 16:01:10] VALIDATED (2 reactions): duylol113: Nôm na
[2026-07-02 16:01:10] VALIDATED (2 reactions): liiinas._26513: Hạn hán
[2026-07-02 16:01:10] VALIDATED (2 reactions): maiminhphuccc: hữu hạn
[2026-07-02 16:01:10] VALIDATED (3 reactions): 8iv4.blnn0: mặt thớt
[2026-07-02 16:01:10] VALIDATED (3 reactions): ming_but_rllybad: Thay mặt
[2026-07-02 16:01:10] VALIDATED (3 reactions): phamgiaphuc_15: đổi thay
[2026-07-02 16:01:10] VALIDATED (3 reactions): nah085493: Thay đổi
[2026-07-02 16:01:10] VALIDATED (2 reactions): liiinas._26513: Sao vậy
[2026-07-02 16:01:10] VALIDATED (2 reactions): maiminhphuccc: tại sao
[2026-07-02 16:01:10] VALIDATED (2 reactions): phamgiaphuc_15: thực tại
[2026-07-02 16:01:10] VALIDATED (2 reactions): dodinside: trạch tả
[2026-07-02 16:01:10] VALIDATED (2 reactions): phamgiaphuc_15: nhuận trạch
[2026-07-02 16:01:10] VALIDATED (2 reactions): npttgg: Lợi nhuận
[2026-07-02 16:01:10] VALIDATED (2 reactions): ming_but_rllybad: Phúc lợi
[2026-07-02 16:01:10] VALIDATED (2 reactions): sonvippro: kỳ quặc
[2026-07-02 16:01:10] VALIDATED (2 reactions): haiminh1108: mơ ước (mong)
[2026-07-02 16:01:10] VALIDATED (2 reactions): ming_but_rllybad: Hiệu đính
[2026-07-02 16:01:10] VALIDATED (3 reactions): dodinside: số pi
[2026-07-02 16:01:10] VALIDATED (3 reactions): liiinas._26513: Quyết đoán
[2026-07-02 16:01:10] VALIDATED (3 reactions): ming_but_rllybad: Phủ quyết
[2026-07-02 16:01:10] VALIDATED (2 reactions): dodinside: bạch tạng
[2026-07-02 16:01:10] VALIDATED (2 reactions): liiinas._26513: Phật đản
[2026-07-02 16:01:10] VALIDATED (2 reactions): zamnjds: Niệm Phật
[2026-07-02 16:01:10] VALIDATED (2 reactions): nguynhoeng: Giác quan
[2026-07-02 16:01:10] VALIDATED (2 reactions): iirenelegoat: vị giác
[2026-07-02 16:01:10] VALIDATED (2 reactions): abramsregg: việt vị
[2026-07-02 16:01:10] VALIDATED (2 reactions): liiinas._26513: Ngộ nghĩnh
[2026-07-02 16:01:10] VALIDATED (2 reactions): dodinside: giác ngộ
[2026-07-02 16:01:10] VALIDATED (2 reactions): haiminh1108: tố giác
[2026-07-02 16:01:10] VALIDATED (2 reactions): dodinside: dùng dắng
[2026-07-02 16:01:10] VALIDATED (3 reactions): sonvippro: cục mịch
[2026-07-02 16:01:10] VALIDATED (3 reactions): walterweight1668: Thế cục
[2026-07-02 16:01:10] VALIDATED (2 reactions): minhkhoi8910: đẩy tạ
[2026-07-02 16:01:10] VALIDATED (2 reactions): liiinas._26513: Năng lực
[2026-07-02 16:01:10] VALIDATED (2 reactions): morgana8386: viên chức
[2026-07-02 16:01:10] VALIDATED (2 reactions): liiinas._26513: Điền viên
[2026-07-02 16:01:10] VALIDATED (2 reactions): raikugi: đồ đạc
[2026-07-02 16:01:10] VALIDATED (2 reactions): 8iv4.blnn0: đài đóm
[2026-07-02 16:01:10] VALIDATED (2 reactions): liiinas._26513: Hoàng tuyền
[2026-07-02 16:01:10] VALIDATED (2 reactions): haiminh1108: giáo hoàng (đế)
[2026-07-02 16:01:10] VALIDATED (3 reactions): liiinas._26513: Hoang hoác
[2026-07-02 16:01:10] VALIDATED (3 reactions): lekobuon: Lang sói
[2026-07-02 16:01:10] VALIDATED (2 reactions): liiinas._26513: Học hành
[2026-07-02 16:01:11] VALIDATED (2 reactions): mayberandomguy: quyên sinh
[2026-07-02 16:01:11] VALIDATED (2 reactions): 275565_: định nghĩa
[2026-07-02 16:01:11] VALIDATED (2 reactions): duckkei36: Hoạch định
[2026-07-02 16:01:11] VALIDATED (2 reactions): morgana8386: thu hoạch
[2026-07-02 16:01:11] VALIDATED (2 reactions): liiinas._26513: Nghiệm thu
[2026-07-02 16:01:11] VALIDATED (2 reactions): minhkhoi8910: ứng nghiệm
[2026-07-02 16:01:11] VALIDATED (2 reactions): liiinas._26513: Tu din
[2026-07-02 16:01:11] VALIDATED (2 reactions): liiinas._26513: Cắt xén
[2026-07-02 16:01:11] VALIDATED (2 reactions): mayberandomguy: thủ thỉ
[2026-07-02 16:01:11] VALIDATED (2 reactions): haiminh1108: biên phòng (bro thực sự đã chiếu hết trong 1 nước cờ)
[2026-07-02 16:01:11] VALIDATED (2 reactions): mrsigma_1705: Cho rằng
[2026-07-02 16:01:11] VALIDATED (2 reactions): alotm._63708: Giá như
[2026-07-02 16:01:11] VALIDATED (2 reactions): liiinas._26513: Lục lọi
[2026-07-02 16:01:11] VALIDATED (2 reactions): minhkhoi8910: phụ lục
[2026-07-02 16:01:11] VALIDATED (2 reactions): 8iv4.blnn0: lác đác
[2026-07-02 16:01:11] VALIDATED (2 reactions): ming_but_rllybad: Khoác lác
[2026-07-02 16:01:11] VALIDATED (2 reactions): tuanhungngao1: Áo khoác
[2026-07-02 16:01:11] VALIDATED (2 reactions): liiinas._26513: Cân bằng
[2026-07-02 16:01:11] VALIDATED (2 reactions): lee_kieen: cốt cán
[2026-07-02 16:01:11] VALIDATED (2 reactions): mayberandomguy: bà cốt
[2026-07-02 16:01:11] VALIDATED (2 reactions): sonvippro: chung chạ
[2026-07-02 16:01:11] VALIDATED (2 reactions): minhkhoi8910: đồ dùng
[2026-07-02 16:01:11] VALIDATED (2 reactions): liiinas._26513: Tác hại
[2026-07-02 16:01:11] VALIDATED (4 reactions): sonvippro: tan tác
[2026-07-02 16:01:11] VALIDATED (3 reactions): ming_but_rllybad: Giòn tan
[2026-07-02 16:01:11] VALIDATED (3 reactions): morgana8386: cơm chiên
[2026-07-02 16:01:11] VALIDATED (4 reactions): sonvippro: thi thố
[2026-07-02 16:01:11] VALIDATED (3 reactions): jalberas420: Quan điểm
[2026-07-02 16:01:51] belly_boi: Ná na
[2026-07-02 16:02:49] phamgiaphuc_15: ná thun
[2026-07-02 16:04:06] duylol113: thun quần
[2026-07-02 16:04:51] dodinside: quần xì
[2026-07-02 16:06:19] ming_but_rllybad: Quần thảo
[2026-07-02 16:06:23] VALIDATED (2 reactions): ming_but_rllybad: Quần thảo
[2026-07-02 16:06:37] VALIDATED (2 reactions): ming_but_rllybad: Quần thảo
[2026-07-02 16:06:37] VALIDATED (2 reactions): duylol113: Nôm na
[2026-07-02 16:06:37] VALIDATED (2 reactions): liiinas._26513: Hạn hán
[2026-07-02 16:06:37] VALIDATED (2 reactions): maiminhphuccc: hữu hạn
[2026-07-02 16:06:37] VALIDATED (3 reactions): 8iv4.blnn0: mặt thớt
[2026-07-02 16:06:37] VALIDATED (3 reactions): ming_but_rllybad: Thay mặt
[2026-07-02 16:06:37] VALIDATED (3 reactions): phamgiaphuc_15: đổi thay
[2026-07-02 16:06:37] VALIDATED (3 reactions): nah085493: Thay đổi
[2026-07-02 16:06:37] VALIDATED (2 reactions): liiinas._26513: Sao vậy
[2026-07-02 16:06:37] VALIDATED (2 reactions): maiminhphuccc: tại sao
[2026-07-02 16:06:37] VALIDATED (2 reactions): phamgiaphuc_15: thực tại
[2026-07-02 16:06:37] VALIDATED (2 reactions): dodinside: trạch tả
[2026-07-02 16:06:37] VALIDATED (2 reactions): phamgiaphuc_15: nhuận trạch
[2026-07-02 16:06:37] VALIDATED (2 reactions): npttgg: Lợi nhuận
[2026-07-02 16:06:37] VALIDATED (2 reactions): ming_but_rllybad: Phúc lợi
[2026-07-02 16:06:37] VALIDATED (2 reactions): sonvippro: kỳ quặc
[2026-07-02 16:06:37] VALIDATED (2 reactions): haiminh1108: mơ ước (mong)
[2026-07-02 16:06:37] VALIDATED (2 reactions): ming_but_rllybad: Hiệu đính
[2026-07-02 16:06:37] VALIDATED (3 reactions): dodinside: số pi
[2026-07-02 16:06:37] VALIDATED (3 reactions): liiinas._26513: Quyết đoán
[2026-07-02 16:06:37] VALIDATED (3 reactions): ming_but_rllybad: Phủ quyết
[2026-07-02 16:06:37] VALIDATED (2 reactions): dodinside: bạch tạng
[2026-07-02 16:06:37] VALIDATED (2 reactions): liiinas._26513: Phật đản
[2026-07-02 16:06:37] VALIDATED (2 reactions): zamnjds: Niệm Phật
[2026-07-02 16:06:37] VALIDATED (2 reactions): nguynhoeng: Giác quan
[2026-07-02 16:06:37] VALIDATED (2 reactions): iirenelegoat: vị giác
[2026-07-02 16:06:37] VALIDATED (2 reactions): abramsregg: việt vị
[2026-07-02 16:06:37] VALIDATED (2 reactions): liiinas._26513: Ngộ nghĩnh
[2026-07-02 16:06:37] VALIDATED (2 reactions): dodinside: giác ngộ
[2026-07-02 16:06:37] VALIDATED (2 reactions): haiminh1108: tố giác
[2026-07-02 16:06:37] VALIDATED (2 reactions): dodinside: dùng dắng
[2026-07-02 16:06:37] VALIDATED (3 reactions): sonvippro: cục mịch
[2026-07-02 16:06:37] VALIDATED (3 reactions): walterweight1668: Thế cục
[2026-07-02 16:06:37] VALIDATED (2 reactions): minhkhoi8910: đẩy tạ
[2026-07-02 16:06:37] VALIDATED (2 reactions): liiinas._26513: Năng lực
[2026-07-02 16:06:37] VALIDATED (2 reactions): morgana8386: viên chức
[2026-07-02 16:06:37] VALIDATED (2 reactions): liiinas._26513: Điền viên
[2026-07-02 16:06:37] VALIDATED (2 reactions): raikugi: đồ đạc
[2026-07-02 16:06:37] VALIDATED (2 reactions): 8iv4.blnn0: đài đóm
[2026-07-02 16:06:37] VALIDATED (2 reactions): liiinas._26513: Hoàng tuyền
[2026-07-02 16:06:37] VALIDATED (2 reactions): haiminh1108: giáo hoàng (đế)
[2026-07-02 16:06:37] VALIDATED (3 reactions): liiinas._26513: Hoang hoác
[2026-07-02 16:06:37] VALIDATED (3 reactions): lekobuon: Lang sói
[2026-07-02 16:06:37] VALIDATED (2 reactions): liiinas._26513: Học hành
[2026-07-02 16:06:37] VALIDATED (2 reactions): mayberandomguy: quyên sinh
[2026-07-02 16:06:37] VALIDATED (2 reactions): 275565_: định nghĩa
[2026-07-02 16:06:37] VALIDATED (2 reactions): duckkei36: Hoạch định
[2026-07-02 16:06:37] VALIDATED (2 reactions): morgana8386: thu hoạch
[2026-07-02 16:06:37] VALIDATED (2 reactions): liiinas._26513: Nghiệm thu
[2026-07-02 16:06:37] VALIDATED (2 reactions): minhkhoi8910: ứng nghiệm
[2026-07-02 16:06:37] VALIDATED (2 reactions): liiinas._26513: Tu din
[2026-07-02 16:06:37] VALIDATED (2 reactions): liiinas._26513: Cắt xén
[2026-07-02 16:06:37] VALIDATED (2 reactions): mayberandomguy: thủ thỉ
[2026-07-02 16:06:37] VALIDATED (2 reactions): haiminh1108: biên phòng (bro thực sự đã chiếu hết trong 1 nước cờ)
[2026-07-02 16:06:37] VALIDATED (2 reactions): mrsigma_1705: Cho rằng
[2026-07-02 16:06:37] VALIDATED (2 reactions): alotm._63708: Giá như
[2026-07-02 16:06:37] VALIDATED (2 reactions): liiinas._26513: Lục lọi
[2026-07-02 16:06:37] VALIDATED (2 reactions): minhkhoi8910: phụ lục
[2026-07-02 16:06:37] VALIDATED (2 reactions): 8iv4.blnn0: lác đác
[2026-07-02 16:06:37] VALIDATED (2 reactions): ming_but_rllybad: Khoác lác
[2026-07-02 16:06:37] VALIDATED (2 reactions): tuanhungngao1: Áo khoác
[2026-07-02 16:06:37] VALIDATED (2 reactions): liiinas._26513: Cân bằng
[2026-07-02 16:06:37] VALIDATED (2 reactions): lee_kieen: cốt cán
[2026-07-02 16:06:37] VALIDATED (2 reactions): mayberandomguy: bà cốt
[2026-07-02 16:06:37] VALIDATED (2 reactions): sonvippro: chung chạ
[2026-07-02 16:06:37] VALIDATED (2 reactions): minhkhoi8910: đồ dùng
[2026-07-02 16:06:37] VALIDATED (2 reactions): liiinas._26513: Tác hại
[2026-07-02 16:06:37] VALIDATED (4 reactions): sonvippro: tan tác
[2026-07-02 16:06:59] duylol113: Nào ngờ
[2026-07-02 16:07:01] VALIDATED (2 reactions): duylol113: Nào ngờ
[2026-07-02 16:07:31] adung1m7: Ngờ nghệch
[2026-07-02 16:07:32] VALIDATED (2 reactions): adung1m7: Ngờ nghệch
[2026-07-02 16:07:42] phamgiaphuc_15: nghệch ngoạc
[2026-07-02 16:10:11] duckkei36: Nghệch ngạc
[2026-07-02 16:10:12] VALIDATED (2 reactions): duckkei36: Nghệch ngạc
[2026-07-02 16:10:32] phamgiaphuc_15: ngư nghiệp
[2026-07-02 16:10:33] VALIDATED (2 reactions): phamgiaphuc_15: ngư nghiệp
[2026-07-02 16:10:44] abramsregg: nghiệp dư
[2026-07-02 16:10:45] VALIDATED (2 reactions): abramsregg: nghiệp dư
[2026-07-02 16:11:03] duylol113: Dư âm
[2026-07-02 16:11:05] VALIDATED (2 reactions): duylol113: Dư âm
[2026-07-02 16:11:16] maiminhphuccc: âm binh
[2026-07-02 16:11:17] VALIDATED (2 reactions): maiminhphuccc: âm binh
[2026-07-02 16:13:01] ming_but_rllybad: Nhất quyết
[2026-07-02 16:13:03] VALIDATED (2 reactions): ming_but_rllybad: Nhất quyết
[2026-07-02 16:13:26] haiminh1108: quyết định
[2026-07-02 16:13:28] VALIDATED (2 reactions): haiminh1108: quyết định
[2026-07-02 16:13:52] duylol113: Định nghĩa
[2026-07-02 16:13:53] VALIDATED (2 reactions): duylol113: Định nghĩa
[2026-07-02 16:14:02] phamgiaphuc_15: nghĩa hiệp
[2026-07-02 16:14:03] VALIDATED (2 reactions): phamgiaphuc_15: nghĩa hiệp
[2026-07-02 16:14:19] sonvippro: hội trắm
[2026-07-02 16:14:56] .8874: Nổi bật
[2026-07-02 16:14:57] VALIDATED (2 reactions): .8874: Nổi bật
[2026-07-02 16:15:02] vucheems453: bật dậy
[2026-07-02 16:15:04] VALIDATED (2 reactions): vucheems453: bật dậy
[2026-07-02 16:15:47] haiminh1108: dậy sớm
[2026-07-02 16:16:46] phamgiaphuc_15: sớm sủa
[2026-07-02 16:16:48] VALIDATED (2 reactions): phamgiaphuc_15: sớm sủa
[2026-07-02 16:17:21] liiinas._26513: Sủa bậy
[2026-07-02 16:17:33] duylol113: Bậy bạ
[2026-07-02 16:17:34] VALIDATED (2 reactions): duylol113: Bậy bạ
[2026-07-02 16:19:10] phamgiaphuc_15: miệng ăn núi lở
[2026-07-02 16:19:53] vucheems453: miệng giếng
[2026-07-02 16:20:51] haiminh1108: giếng sâu
[2026-07-02 16:20:57] liiinas._26513: Giếng khoan
[2026-07-02 16:20:58] VALIDATED (2 reactions): liiinas._26513: Giếng khoan
[2026-07-02 16:21:23] doanngocthanhhuy2008: tay vợt
[2026-07-02 16:23:22] vucheems453: nguyệt thực
[2026-07-02 16:23:23] VALIDATED (2 reactions): vucheems453: nguyệt thực
[2026-07-02 16:23:29] liiinas._26513: Thực tiễn
[2026-07-02 16:23:30] VALIDATED (2 reactions): liiinas._26513: Thực tiễn
[2026-07-02 16:23:46] haiminh1108: tiễn biệt
[2026-07-02 16:23:48] VALIDATED (2 reactions): haiminh1108: tiễn biệt
[2026-07-02 16:24:22] _mingtheguy_: Biệt lập
[2026-07-02 16:24:24] VALIDATED (2 reactions): _mingtheguy_: Biệt lập
[2026-07-02 16:24:55] sus312: Lập nhóm
[2026-07-02 16:25:10] phamgiaphuc_15: hạ chí
[2026-07-02 16:25:11] VALIDATED (2 reactions): phamgiaphuc_15: hạ chí
[2026-07-02 16:25:31] liiinas._26513: Chí phèo
[2026-07-02 16:25:41] hellothere0511_07925: Đông bắc
[2026-07-02 16:25:42] VALIDATED (2 reactions): hellothere0511_07925: Đông bắc
[2026-07-02 16:26:01] vucheems453: bắc kạn
[2026-07-02 16:26:02] VALIDATED (2 reactions): vucheems453: bắc kạn
[2026-07-02 16:26:42] haiminh1108: hoàng đế
[2026-07-02 16:26:43] VALIDATED (2 reactions): haiminh1108: hoàng đế
[2026-07-02 16:26:46] anarchocombatantforce_99763: đế vương
[2026-07-02 16:26:47] VALIDATED (2 reactions): anarchocombatantforce_99763: đế vương
[2026-07-02 16:27:08] maiminhphuccc: phi lý
[2026-07-02 16:27:09] VALIDATED (2 reactions): maiminhphuccc: phi lý
[2026-07-02 16:27:24] _mingtheguy_: Lý giải
[2026-07-02 16:27:26] VALIDATED (2 reactions): _mingtheguy_: Lý giải
[2026-07-02 16:29:08] .8874: Nghệ sĩ
[2026-07-02 16:29:09] VALIDATED (2 reactions): .8874: Nghệ sĩ
[2026-07-02 16:29:19] haiminh1108: sĩ diện
[2026-07-02 16:29:20] VALIDATED (2 reactions): haiminh1108: sĩ diện
[2026-07-02 16:30:12] maiminhphuccc: diện mạo
[2026-07-02 16:30:13] VALIDATED (2 reactions): maiminhphuccc: diện mạo
[2026-07-02 16:31:29] simple_side: danh nghĩa
[2026-07-02 16:31:49] VALIDATED (2 reactions): simple_side: danh nghĩa
[2026-07-02 16:32:10] haiminh1108: nghĩa vụ
[2026-07-02 16:32:11] VALIDATED (2 reactions): haiminh1108: nghĩa vụ
[2026-07-02 16:33:18] phamgiaphuc_15: danh tiếng
[2026-07-02 16:33:19] VALIDATED (2 reactions): phamgiaphuc_15: danh tiếng
[2026-07-02 16:33:29] 8iv4.blnn0: tiếng hót
[2026-07-02 16:33:42] npttgg: Cấp độ
[2026-07-02 16:33:43] VALIDATED (2 reactions): npttgg: Cấp độ
[2026-07-02 16:33:48] simple_side: Độ cao
[2026-07-02 16:33:49] VALIDATED (2 reactions): simple_side: Độ cao
[2026-07-02 16:34:16] maiminhphuccc: cao ráo
[2026-07-02 16:34:18] VALIDATED (2 reactions): maiminhphuccc: cao ráo
[2026-07-02 16:34:56] haiminh1108: ráo nước
[2026-07-02 16:36:00] phamgiaphuc_15: nước non
[2026-07-02 16:36:01] VALIDATED (2 reactions): phamgiaphuc_15: nước non
[2026-07-02 16:36:08] simple_side: non sông
[2026-07-02 16:36:10] VALIDATED (2 reactions): simple_side: non sông
[2026-07-02 16:37:11] haiminh1108: lũy tiến
[2026-07-02 16:37:12] VALIDATED (2 reactions): haiminh1108: lũy tiến
[2026-07-02 16:38:12] nguyensynguyen29062005: Tiến bộ
[2026-07-02 16:38:13] VALIDATED (2 reactions): nguyensynguyen29062005: Tiến bộ
[2026-07-02 16:38:19] sonvippro: bộ sậu
[2026-07-02 16:38:20] VALIDATED (2 reactions): sonvippro: bộ sậu
[2026-07-02 16:38:25] maiminhphuccc: bách khoa
[2026-07-02 16:38:26] VALIDATED (2 reactions): maiminhphuccc: bách khoa
[2026-07-02 16:39:09] phgchii.10: thi thố
[2026-07-02 16:39:10] VALIDATED (2 reactions): phgchii.10: thi thố
[2026-07-02 16:40:06] vucheems453: thố cơm
[2026-07-02 16:40:40] phamgiaphuc_15: cơm tấm
[2026-07-02 16:40:42] VALIDATED (2 reactions): phamgiaphuc_15: cơm tấm
[2026-07-02 16:40:53] dodinside: tấm thân
[2026-07-02 16:41:02] maiminhphuccc: thân thể
[2026-07-02 16:41:03] VALIDATED (2 reactions): maiminhphuccc: thân thể
[2026-07-02 16:41:33] doanngocthanhhuy2008: nữ tỳ
[2026-07-02 16:41:35] VALIDATED (2 reactions): doanngocthanhhuy2008: nữ tỳ
[2026-07-02 16:43:13] lee_kieen: bà nội
[2026-07-02 16:43:14] VALIDATED (2 reactions): lee_kieen: bà nội
[2026-07-02 16:43:27] mr_orinz: nội dung
[2026-07-02 16:43:28] anti2650: Nội bài
[2026-07-02 16:43:28] VALIDATED (2 reactions): mr_orinz: nội dung
[2026-07-02 16:45:30] mr_orinz: túng thiếu
[2026-07-02 16:45:31] VALIDATED (2 reactions): mr_orinz: túng thiếu
[2026-07-02 16:48:52] oh_hi0423: Hụt hẫng
[2026-07-02 16:48:53] VALIDATED (2 reactions): oh_hi0423: Hụt hẫng
[2026-07-02 16:49:37] maiminhphuccc: chân trần
[2026-07-02 16:50:43] noname043815_67845: Trần trụi
[2026-07-02 16:50:45] VALIDATED (2 reactions): noname043815_67845: Trần trụi
[2026-07-02 16:51:20] daylightvn: trơn trượt
[2026-07-02 16:54:46] maiminhphuccc: trượt băng
[2026-07-02 16:54:48] VALIDATED (2 reactions): maiminhphuccc: trượt băng
[2026-07-02 16:55:08] noname043815_67845: Ngàn năm
[2026-07-02 16:55:09] VALIDATED (2 reactions): noname043815_67845: Ngàn năm
[2026-07-02 16:55:30] traidep.hanoi: năm nhất
[2026-07-02 16:57:05] abramsregg: canh tác
[2026-07-02 16:57:07] VALIDATED (2 reactions): abramsregg: canh tác
[2026-07-02 16:57:14] haiminh1108: tác phẩm
[2026-07-02 16:57:15] VALIDATED (2 reactions): haiminh1108: tác phẩm
[2026-07-02 16:58:13] .tung_tung_tung_sahur: phẩm chất
[2026-07-02 16:58:14] tieu_xiao: Phẩm chất
[2026-07-02 16:58:14] VALIDATED (2 reactions): .tung_tung_tung_sahur: phẩm chất
[2026-07-02 16:58:30] traidep.hanoi: chất thải
[2026-07-02 16:58:31] VALIDATED (2 reactions): traidep.hanoi: chất thải
[2026-07-02 17:00:10] alibaba.skibidi: loại bỏ
[2026-07-02 17:00:23] hao_1412: End
[2026-07-02 17:00:24] VALIDATED (2 reactions): alibaba.skibidi: loại bỏ
[2026-07-02 17:00:46] abramsregg: bỏ rơi
[2026-07-02 17:00:48] VALIDATED (2 reactions): abramsregg: bỏ rơi
[2026-07-02 17:01:13] traidep.hanoi: vãi lồn
[2026-07-02 17:02:24] vucheems453: vãi đái
[2026-07-02 17:03:21] hao_1412: Vãi linh hồn
[2026-07-02 17:03:26] traidep.hanoi: vãi lồn
[2026-07-02 17:03:54] liiinas._26513: Vãi chưởng
[2026-07-02 17:10:04] maiminhphuccc: mày tao
[2026-07-02 17:10:05] VALIDATED (2 reactions): maiminhphuccc: mày tao
